------------------------------------------------------
title: ['Who Cares, Eh?' Poll of Canadians' Feelings on American Democracy Brings Us ALL the Eye-Rolls], published: [Mon, 15 Jan 2024 16:30:14 -0500], description: [], link: [https://twitchy.com/laura-w/2024/01/15/canadians-trump-n2391775] 
title: [HOT GUN Part Deux: Madison Marsh Wins Miss America 2024], published: [Mon, 15 Jan 2024 16:00:02 -0500], description: [], link: [https://twitchy.com/amy-curtis/2024/01/15/miss-america-n2391767] 
title: [X CEO Linda Yaccarino Shares the Secret Ingredient in Her Meatballs annnd People Have Questions], published: [Mon, 15 Jan 2024 15:00:24 -0500], description: [], link: [https://twitchy.com/coucy/2024/01/15/linda-yaccarino-raisin-meatballs-n2391754] 
title: [John Hayward Takes Dems' Claims About Trump Being a 'Threat to Democracy' APART in Straight-FIRE Thread], published: [Mon, 15 Jan 2024 14:15:00 -0500], description: [], link: [https://twitchy.com/samj/2024/01/15/hayward-trump-dems-threat-to-democracy-n2391765] 
title: [We Did NOT Have Eric Swalwell Getting TORCHED for Quoting the Bible to Dunk on Trump but HERE We Are], published: [Mon, 15 Jan 2024 13:15:00 -0500], description: [], link: [https://twitchy.com/samj/2024/01/15/swalwell-god-plagues-n2391758] 
title: [Fani Willis Pulling RACE CARD to Cover Her ARSE for Hiring Her BF to Target Trump Goes So WRONG (Watch)], published: [Mon, 15 Jan 2024 11:40:00 -0500], description: [], link: [https://twitchy.com/samj/2024/01/15/fani-willis-you-cant-expect-a-black-woman-to-be-perfect-n2391769] 
title: [Biden Says These People Do NOT Control the Government (and You Know What THAT Means)], published: [Mon, 15 Jan 2024 11:27:10 -0500], description: [], link: [https://twitchy.com/dougp/2024/01/15/is-biden-explaining-who-he-wants-people-to-think-run-the-government-tantamount-to-a-confession-n2391766] 
title: [Smug Lefty's Thread Bragging About How COMPASSIONATE She Is for Saving Her EVIL, MAGA Neighbor BACKFIRES], published: [Mon, 15 Jan 2024 10:45:00 -0500], description: [], link: [https://twitchy.com/samj/2024/01/15/thread-commercial-hvac-maga-neighbor-n2391759] 
title: [NY Times Covered ALL the Climate Change Bases in the Span of 10 Days], published: [Mon, 15 Jan 2024 10:20:18 -0500], description: [], link: [https://twitchy.com/dougp/2024/01/15/science-ny-times-covered-all-the-climate-change-bases-in-the-span-of-ten-days-n2391764] 
title: [Huge. If. TRUE --> Just Guess What United's Woke, DEI-Supporting CEO Likes to Do With His Free Time], published: [Mon, 15 Jan 2024 10:10:00 -0500], description: [], link: [https://twitchy.com/samj/2024/01/15/united-drag-queen-ceo-n2391760] 
title: [Chris Rufo MOCKS Antifa-Linked Activist at The Guardian and His Attempt to Smear Him in SCATHING Thread], published: [Mon, 15 Jan 2024 09:30:00 -0500], description: [], link: [https://twitchy.com/samj/2024/01/15/guardian-rico-n2391761] 
title: [So ... Hold Her Beer? Rand Paul Uses Bud Light to DROP 'Forever Neocon' Nikki Haley and OOF-LOL (Pic)], published: [Mon, 15 Jan 2024 08:45:00 -0500], description: [], link: [https://twitchy.com/samj/2024/01/15/rand-paul-nikki-haley-n2391762] 
title: [Monday Morning Meme Madness], published: [Mon, 15 Jan 2024 06:00:00 -0500], description: [], link: [https://twitchy.com/fuzzychimp/2024/01/15/monday-morning-meme-madness-n2391495] 
title: [Internet Famous 'TMFINR' Pretty Plane Girl Trends After Making CHILLY Bet At Dallas Cowboys Game], published: [Sun, 14 Jan 2024 21:39:33 -0500], description: [], link: [https://twitchy.com/justmindy/2024/01/14/not-real-plane-lady-tiffany-gomes-freezing-pool-bet-n2391753] 
title: ['Stay in your lane' - New York Taxi Workers Union Weighs in on Israel/Gaza Conflict], published: [Sun, 14 Jan 2024 15:30:00 -0500], description: [], link: [https://twitchy.com/gordon-kushner/2024/01/14/stay-in-your-lane-new-york-taxi-workers-weigh-in-on-israelgaza-conflict-n2391752] 
title: [Biden Campaign Leaders Endure Hard-Hitting Interview With Biden's Former Press Secretary], published: [Sun, 14 Jan 2024 15:00:32 -0500], description: [], link: [https://twitchy.com/fuzzychimp/2024/01/14/biden-campaign-leaders-endure-hard-hitting-interview-with-bidens-former-press-secretary-n2391751] 
title: [@HouseGOP Points Out 'FACTS' About Inflation and President Joe Biden's Time in Office], published: [Sun, 14 Jan 2024 14:13:00 -0500], description: [], link: [https://twitchy.com/jacobb/2024/01/14/housegop-points-out-facts-about-inflation-and-president-joe-bidens-time-in-office-n2391750] 
title: [A.W.F.L. NYC Principal Bashes Parents Angry About Her Making Students Remote to Make Room for Illegals], published: [Sun, 14 Jan 2024 11:50:00 -0500], description: [], link: [https://twitchy.com/samj/2024/01/14/awfl-principal-bashes-parents-angry-about-her-forcing-students-into-remote-to-make-room-for-illegals-n2391748] 
title: [RIGHT In Our Veins: Biden Signing His 'Big Head' For a Few LUCKY Donors to 'Win' Goes Hilariously Wrong], published: [Sun, 14 Jan 2024 11:15:00 -0500], description: [], link: [https://twitchy.com/samj/2024/01/14/biden-big-head-n2391744] 
title: [BOOM: Bill Melugin Fact-Nukes TF Out of Former Obama Bro Demanding Abbott be TRIED for Migrant Drownings], published: [Sun, 14 Jan 2024 10:50:00 -0500], description: [], link: [https://twitchy.com/samj/2024/01/14/sawyer-hackett-drowning-at-border-abbott-n2391741] 
